
 {"type":"codeware","json":{"id":"5e847da250f70767d930aabd","fullName":"google","email":"ahmed-aasasasas@gmail.com","codeWarsLink":"http://www.codewars.org"}}
 {"type":"codeware","json":{"id":"5e847f8a49abf469bd96009c","fullName":"Ali","email":"ali-adaa@gmail.com","codeWarsLink":"http://www.codewars.org"}}
 {"type":"codeware","json":{"id":"5e847fbb49abf469bd96009d","fullName":"Ahmed","email":"ahmed-salah@gmail.com","codeWarsLink":"http://www.codewars.org"}}
 {"type":"codeware","json":{"id":"5e847ffa49abf469bd96009e","fullName":"Hassan","email":"hassan-adaa@gmail.com","codeWarsLink":"http://www.codewars.org"}}
 {"type":"codeware","json":{"id":"5e84802d49abf469bd96009f","fullName":"Asmaa","email":"asmaa-adaa123455855555@gmail.com","codeWarsLink":"http://www.codewars.org"}}
 {"type":"free-code-camp","json":{"id":"5e84802d49abf469bd96009f","fullName":"Asmaa","email":"asmaa-adaa123455855555@gmail.com"}}
 {"type":"codeware","json":{"id":"5e84808249abf469bd9600a0","fullName":"Asmaa-Tahbet","email":"thabet-adaa@gmail.com","codeWarsLink":"http://www.codewars.org"}}
 {"type":"free-code-camp","json":{"id":"5e84808249abf469bd9600a0","fullName":"Asmaa-Tahbet","email":"thabet-adaa@gmail.com"}}
 {"type":"codeware","json":{"id":"5e8618af4f95d55fec4610a5","email":"anonymouse@gmail.com"}}
 {"type":"free-code-camp","json":{"id":"5e8618af4f95d55fec4610a5","email":"anonymouse@gmail.com"}}
 {"type":"codeware","json":{"id":"5e861a2f254a3e651152012f","email":"anonymouse@gmail.comrs"}}
 {"type":"free-code-camp","json":{"id":"5e861a2f254a3e651152012f","email":"anonymouse@gmail.comrs"}}
 {"type":"codeware","json":{"id":"5e861b2f73e60767ea651cf0","email":"anonouse@gmail.comrs"}}
 {"type":"free-code-camp","json":{"id":"5e861b2f73e60767ea651cf0","email":"anonouse@gmail.comrs"}}
 {"type":"codeware","json":{"id":"5e862682b03a6d14574d74e6","email":"hellosgaza1@gmail.com"}}
 {"type":"free-code-camp","json":{"id":"5e862682b03a6d14574d74e6","email":"hellosgaza1@gmail.com"}}
 {"type":"codeware","json":{"id":"5e862f32cacdcf2958567462","email":"hellosgaza13424@gmail.com"}}
 {"type":"free-code-camp","json":{"id":"5e862f32cacdcf2958567462","email":"hellosgaza13424@gmail.com"}}
 {"type":"codeware","json":{"id":"5e863dcdecf4755a0e9cc593","fullName":"new user from gaza","email":"hellosgaz13424@gmail.com"}}
 {"type":"free-code-camp","json":{"id":"5e863dcdecf4755a0e9cc593","fullName":"new user from gaza","email":"hellosgaz13424@gmail.com"}}
 {"type":"codeware","json":{"id":"5e86442494b7546d38de60b2","fullName":"new user from khalil","email":"hellosgaz1342d4@gmail.com"}}
 {"type":"free-code-camp","json":{"id":"5e86442494b7546d38de60b2","fullName":"new user from khalil","email":"hellosgaz1342d4@gmail.com"}}
 {"type":"codeware","json":{"id":"5e86490cf2df817b97c4fdc3","fullName":"new user from khalil","email":"hellosgaz1d342d4@gmadil.com"}}
 {"type":"free-code-camp","json":{"id":"5e86490cf2df817b97c4fdc3","fullName":"new user from khalil","email":"hellosgaz1d342d4@gmadil.com"}}
 {"type":"codeware","json":{"id":"5e86526488ed361c37028957","fullName":"new user from khalil","email":"hellosgaz1d34d2d4@gmadil.com"}}
 {"type":"free-code-camp","json":{"id":"5e86526488ed361c37028957","fullName":"new user from khalil","email":"hellosgaz1d34d2d4@gmadil.com"}}
 {"type":"codeware","json":{"id":"5e8654acb69d0f22efe3a036","fullName":"new user from khalil","email":"hellosdgaz1d34d2d4@gmadil.com"}}
 {"type":"free-code-camp","json":{"id":"5e8654acb69d0f22efe3a036","fullName":"new user from khalil","email":"hellosdgaz1d34d2d4@gmadil.com"}}
 {"type":"codeware","json":{"id":"5e8657f2091be630c508bb67","fullName":"new user from khalil","email":"demo@gmadil.com"}}
 {"type":"free-code-camp","json":{"id":"5e8657f2091be630c508bb67","fullName":"new user from khalil","email":"demo@gmadil.com"}}
 {"type":"codeware","json":{"id":"5e865803091be630c508bb68","fullName":"new user from khalil","email":"demo2@gmadil.com"}}
 {"type":"free-code-camp","json":{"id":"5e865803091be630c508bb68","fullName":"new user from khalil","email":"demo2@gmadil.com"}}
 {"type":"codeware","json":{"id":"5e865ddb2c0b7043673cb376","fullName":"new user from khalil","email":"demo23@gmadil.com"}}
 {"type":"free-code-camp","json":{"id":"5e865ddb2c0b7043673cb376","fullName":"new user from khalil","email":"demo23@gmadil.com"}}
 {"type":"codeware","json":{"id":"5e865e2b72773f440d1030fd","fullName":"new user from khalil","email":"dheemo23@gmadil.com"}}
 {"type":"free-code-camp","json":{"id":"5e865e2b72773f440d1030fd","fullName":"new user from khalil","email":"dheemo23@gmadil.com"}}
 {"type":"codeware","json":{"id":"5e8660b5cb8a424d6b3e74c1","fullName":"new user from gaza","email":"dfsfs@gmadil.com"}}
 {"type":"free-code-camp","json":{"id":"5e8660b5cb8a424d6b3e74c1","fullName":"new user from gaza","email":"dfsfs@gmadil.com"}}
 {"type":"codeware","json":{"id":"5e866320d76fc55622b4cbcf","fullName":"an old user from gaza","email":"dfsfsdd@gmadil.com"}}
 {"type":"free-code-camp","json":{"id":"5e866320d76fc55622b4cbcf","fullName":"an old user from gaza","email":"dfsfsdd@gmadil.com"}}
 {"type":"codeware","json":{"id":"5e8664d494c4ae5b8b05a508","fullName":"an old user from gaza","email":"dfsfsdd@gfmadil.com"}}
 {"type":"free-code-camp","json":{"id":"5e8664d494c4ae5b8b05a508","fullName":"an old user from gaza","email":"dfsfsdd@gfmadil.com"}}
 {"type":"codeware","json":{"id":"5e87675c2166511f1b2f7cf4","fullName":"man from sky","email":"man@sky.com"}}
 {"type":"free-code-camp","json":{"id":"5e87675c2166511f1b2f7cf4","fullName":"man from sky","email":"man@sky.com"}}
 {"type":"codeware","json":{"id":"5e87677f2166511f1b2f7cf5","fullName":"man from sky","email":"man1@sky.com"}}
 {"type":"free-code-camp","json":{"id":"5e87677f2166511f1b2f7cf5","fullName":"man from sky","email":"man1@sky.com"}}
 {"type":"codeware","json":{"id":"5e88691266ff69278bd56f6e","fullName":"man from sky","email":"avatar@sky.com"}}
 {"type":"free-code-camp","json":{"id":"5e88691266ff69278bd56f6e","fullName":"man from sky","email":"avatar@sky.com"}}
 {"type":"codeware","json":{"id":"5e886ac4ea995c2b39714530","fullName":"man from sky","email":"avatara@sky.com"}}
 {"type":"free-code-camp","json":{"id":"5e886ac4ea995c2b39714530","fullName":"man from sky","email":"avatara@sky.com"}}